2022-06-25 16:51:41,903 : ERROR : logger : The value [4UW000288] for field [system.id] does not match with value in input JSON
2022-06-25 16:53:25,330 : ERROR : logger : The value [4UW000288] for field [systemid] does not match with value in input JSON
2022-06-25 17:13:25,389 : ERROR : logger : The value [System s2888] for field [displayname] does not match with value in input JSON
2022-06-25 17:13:25,389 : ERROR : logger : The value [System s2888] for field [displayname] does not match with value in input JSON
2022-06-25 17:16:20,035 : ERROR : logger : The value [System s2888] for field [displayname] does not match with value in input JSON
2022-06-25 21:06:26,930 : ERROR : logger : The value [System s2888] for field [displayname] does not match with value in input JSON
2022-06-25 21:07:19,875 : ERROR : logger : The value [System s2888] for field [displayname] does not match with value in input JSON
2022-06-25 21:12:20,800 : ERROR : logger : The value [4.5.0.4] for field [fullversion] does not match with value in input JSON
2022-06-26 17:32:47,024 : ERROR : logger : The value [System s2888] for field [displayname] should be [FloatType]
2022-06-26 17:32:47,033 : ERROR : logger : The value [System s2889] for field [displayname] should be [FloatType]
2022-06-26 17:32:47,033 : ERROR : logger : The value [System s2890] for field [displayname] should be [FloatType]
2022-06-26 17:33:51,635 : ERROR : logger : The value [System s2888] for field [displayname] should be [FloatType]
2022-06-26 17:33:51,640 : ERROR : logger : The value [System s2889] for field [displayname] should be [FloatType]
2022-06-26 17:33:51,646 : ERROR : logger : The value [System s2890] for field [displayname] should be [FloatType]
2022-06-26 17:34:47,387 : ERROR : logger : The value [20890000000] for field [capacitybytier-totalused] should be [FloatType]
2022-06-26 17:34:47,398 : ERROR : logger : The value [20890000000] for field [capacitybytier-totalused] should be [FloatType]
2022-06-26 17:34:47,405 : ERROR : logger : The value [20890000000] for field [capacitybytier-totalused] should be [FloatType]
2022-06-26 17:36:37,620 : ERROR : logger : The value [4UW0002888] for field [systemid] does not match with value in input JSON
2022-06-26 17:36:37,624 : ERROR : logger : The value [20890000000] for field [capacitybytier-totalused] should be [FloatType]
2022-06-26 17:36:37,633 : ERROR : logger : The value [20890000000] for field [capacitybytier-totalused] should be [FloatType]
2022-06-26 17:37:27,378 : ERROR : logger : The value [4UW0002888] for field [systemid] does not match with value in input JSON
2022-06-26 17:37:27,384 : ERROR : logger : The value [4UW0002889] for field [systemid] does not match with value in input JSON
2022-06-26 17:37:27,390 : ERROR : logger : The value [4UW0002890] for field [systemid] does not match with value in input JSON
2022-06-26 17:39:11,960 : ERROR : logger : The value [4UW0002889] for field [systemid] does not match with value in input JSON
2022-06-26 17:39:11,968 : ERROR : logger : The value [4UW0002890] for field [systemid] does not match with value in input JSON
2022-06-26 17:47:01,547 : ERROR : logger : The value [4.5.0.4] for field [fullversion] does not match with value in input JSON
2022-06-26 17:51:18,831 : ERROR : logger : The value [28000000000000] for field [capacitybytier-usablecapacity] should be [FloatType]
2022-06-26 17:51:33,448 : ERROR : logger : The value [28000000000.0] for field [usablecapacity] does not match with value in input JSON
2022-06-26 17:53:24,080 : ERROR : logger : The value [28000000000.0] for field [capacitybytier-usablecapacity] does not match with value in input JSON
2022-06-26 17:53:40,872 : ERROR : logger : The value [2089000000.0] for field [capacitybytier-totalused] does not match with value in input JSON
2022-06-27 00:21:17,773 : ERROR : logger : 2022-05-25 is not valid date or does not match format %Y-%m-%d
2022-06-27 00:21:17,819 : ERROR : logger : 2022-05-25 is not valid date or does not match format %Y-%m-%d
2022-06-27 00:21:17,836 : ERROR : logger : 2022-05-25 is not valid date or does not match format %Y-%m-%d
2022-06-27 00:26:19,309 : ERROR : logger : 2022-16-25 is not valid date or does not match format %Y-%m-%d
2022-06-27 00:26:19,326 : ERROR : logger : 25:46:45 is not valid time or does not match format %H:%M:%S
2022-06-27 00:45:38,367 : ERROR : logger : Subtacted value does not match - [8923347.0]
2022-06-27 00:45:38,385 : ERROR : logger : Subtacted value does not match - [89233479.0]
2022-06-27 00:45:38,393 : ERROR : logger : Subtacted value does not match - [263279999988.0]
2022-06-27 00:46:19,392 : ERROR : logger : Subtacted value does not match - [8923347.0]
2022-06-27 00:46:19,400 : ERROR : logger : Subtacted value does not match - [89233479.0]
2022-06-27 00:46:19,408 : ERROR : logger : Subtacted value does not match - [263279999988.0]
2022-06-27 00:46:39,522 : ERROR : logger : Subtacted value does not match - [8923347.0]
2022-06-27 00:46:39,535 : ERROR : logger : Subtacted value does not match - [89233479.0]
2022-06-27 00:47:48,205 : ERROR : logger : Subtacted value does not match - [8923347.0], [259110000000.0]
2022-06-27 00:47:48,205 : ERROR : logger : Subtacted value does not match - [89233479.0], [254700000000.0]
2022-06-27 12:29:49,774 : ERROR : logger : The value [40002888] for field [systemid] does not match with value in input JSON
2022-06-27 12:29:49,780 : ERROR : logger : Subtacted value does not match - [89233479.0], [254700000000.0]
2022-06-27 12:30:14,891 : ERROR : logger : The value [40002888] for field [systemid] does not match with value in input JSON
2022-06-27 12:30:14,896 : ERROR : logger : Subtacted value does not match - [89233479.0], [254700000000.0]
2022-06-27 12:31:30,663 : ERROR : logger : The value [40002888] for field [systemid] does not match with value in input JSON
2022-06-27 12:31:30,672 : ERROR : logger : Subtacted value does not match - [89233479.0], [254700000000.0]
2022-06-27 12:32:19,544 : ERROR : logger : The value [40002888] for field [id] should be [stringType]
2022-06-27 12:32:19,544 : ERROR : logger : Subtacted value does not match - [89233479.0], [254700000000.0]
2022-06-27 12:34:50,573 : ERROR : logger : The value [20890000000.00] for field [capacityByTier-totalUsed] should be [floatType]
2022-06-27 12:34:50,573 : ERROR : logger : Subtacted value does not match - [89233479.0], [254700000000.0]
2022-06-27 12:37:04,503 : ERROR : logger : The value [20890000000.00] for field [capacityByTier-totalUsed] should be [doubleType]
2022-06-27 12:37:04,511 : ERROR : logger : Subtacted value does not match - [89233479.0], [254700000000.0]
2022-06-27 12:50:21,782 : ERROR : logger : The value [20890000000.00] for field [capacityByTier-totalUsed] should be [doubleType]
2022-06-27 12:50:21,782 : ERROR : logger : dataTypeCheck() takes 3 positional arguments but 4 were given
2022-06-27 12:50:21,782 : ERROR : logger : dataTypeCheck() takes 3 positional arguments but 4 were given
2022-06-27 13:43:00,768 : ERROR : logger : The value [20890000000.00] for field [capacityByTier-totalUsed] should be [doubleType]
2022-06-27 13:43:00,768 : ERROR : logger : Subtacted value does not match - [89233479.0], [254700000000.0]
2022-06-28 03:06:11,600 : ERROR : logger : The value [4UW0002888] for field [systemid] does not match with value in input JSON
2022-06-28 03:06:11,608 : ERROR : logger : The value [4UW0002889] for field [systemid] does not match with value in input JSON
2022-06-28 03:06:11,616 : ERROR : logger : The value [4UW0002890] for field [systemid] does not match with value in input JSON
2022-06-28 03:19:30,072 : ERROR : logger : Subtacted value does not match - [8923347.0], [259110000000.0]
2022-06-28 03:19:30,080 : ERROR : logger : Subtacted value does not match - [89233479.0], [254700000000.0]
2022-06-28 10:25:11,377 : ERROR : logger : 'NoneType' object is not subscriptable
2022-06-28 10:25:11,377 : ERROR : logger : 'NoneType' object is not subscriptable
2022-06-28 10:25:11,377 : ERROR : logger : 'NoneType' object is not subscriptable
2022-06-28 10:27:10,355 : ERROR : logger : Subtacted value does not match - [8923347.0], [259110000000.0]
2022-06-28 10:27:10,359 : ERROR : logger : Subtacted value does not match - [89233479.0], [254700000000.0]
2022-06-28 10:27:30,563 : ERROR : logger : Subtacted value does not match - [8923347.0], [259110000000.0]
2022-06-28 10:27:30,605 : ERROR : logger : Subtacted value does not match - [89233479.0], [254700000000.0]
2022-06-28 10:44:45,177 : ERROR : logger : The value [4UW0002888] for field [systemid] does not match with value in input JSON
2022-06-28 10:44:45,185 : ERROR : logger : The value [4UW0002889] for field [systemid] does not match with value in input JSON
2022-06-28 10:44:45,185 : ERROR : logger : The value [4UW0002890] for field [systemid] does not match with value in input JSON
2022-06-28 10:45:54,972 : ERROR : logger : The value [4UW0002888] for field [systemid] does not match with value in input JSON
2022-06-28 10:45:54,973 : ERROR : logger : The value [4UW0002889] for field [systemid] does not match with value in input JSON
2022-06-28 10:45:54,973 : ERROR : logger : The value [4UW0002890] for field [systemid] does not match with value in input JSON
2022-06-28 10:47:19,529 : ERROR : logger : The value [4UW0002888] for field [systemid] does not match with value in input JSON
2022-06-28 10:47:19,542 : ERROR : logger : The value [4UW0002889] for field [systemid] does not match with value in input JSON
2022-06-28 10:47:19,542 : ERROR : logger : The value [4UW0002890] for field [systemid] does not match with value in input JSON
2022-06-28 10:47:48,250 : ERROR : logger : The value [4UW0002888] for field [systemid] does not match with value in input JSON
2022-06-28 10:47:48,260 : ERROR : logger : The value [4UW0002889] for field [systemid] does not match with value in input JSON
2022-06-28 10:47:48,268 : ERROR : logger : The value [4UW0002890] for field [systemid] does not match with value in input JSON
2022-06-28 10:49:12,349 : ERROR : logger : The value [4UW0002888] for field [systemid] does not match with value in input JSON
2022-06-28 10:49:12,349 : ERROR : logger : The value [4UW0002889] for field [systemid] does not match with value in input JSON
2022-06-28 10:49:12,354 : ERROR : logger : The value [4UW0002890] for field [systemid] does not match with value in input JSON
2022-06-28 11:04:19,008 : ERROR : logger : Subtacted value does not match - [8923347.0], [259110000000.0]
2022-06-28 11:04:19,025 : ERROR : logger : Subtacted value does not match - [89233479.0], [254700000000.0]
2022-06-28 11:55:55,804 : ERROR : logger : 'NoneType' object is not subscriptable
2022-06-28 11:55:55,804 : ERROR : logger : 'NoneType' object is not subscriptable
2022-06-28 11:55:55,819 : ERROR : logger : 'NoneType' object is not subscriptable
2022-06-28 12:47:49,636 : ERROR : logger : 'NoneType' object is not subscriptable
2022-06-28 12:47:49,652 : ERROR : logger : 'NoneType' object is not subscriptable
2022-06-28 12:47:49,658 : ERROR : logger : 'NoneType' object is not subscriptable
2022-06-28 12:49:01,618 : ERROR : logger : The value [8923347.0] for field [capacityFree] does not match with value in input JSON
2022-06-28 12:49:01,631 : ERROR : logger : The value [89233479.0] for field [capacityFree] does not match with value in input JSON
2022-06-28 12:50:25,892 : ERROR : logger : Subtacted value does not match - [8923347.0], [259110000000]
2022-06-28 12:50:25,895 : ERROR : logger : Subtacted value does not match - [89233479.0], [254700000000]
2022-06-28 13:01:32,068 : ERROR : logger : The value [2089000000.0] for field [capacityUsed] does not match with value in input JSON
2022-07-01 13:21:59,475 : ERROR : logger : The value [259110000000.0] for field [capacityFree] does not match with value in input JSON
2022-07-01 13:21:59,489 : ERROR : logger : The value [254700000000.0] for field [capacityFree] does not match with value in input JSON
2022-07-01 13:21:59,505 : ERROR : logger : The value [263279999988.0] for field [capacityFree] does not match with value in input JSON
2022-07-01 13:22:19,807 : ERROR : logger : The value [259110000000.0] for field [capacityFree] does not match with value in input JSON
2022-07-01 13:22:19,818 : ERROR : logger : The value [254700000000.0] for field [capacityFree] does not match with value in input JSON
2022-07-01 13:22:19,826 : ERROR : logger : The value [263279999988.0] for field [capacityFree] does not match with value in input JSON
2022-07-01 15:05:56,705 : ERROR : logger : Subtacted value does not match - [25911000000.0], [259110000000]
2022-07-01 16:04:54,776 : ERROR : logger : unhashable type: 'list'
2022-07-01 16:04:54,785 : ERROR : logger : unhashable type: 'list'
2022-07-01 16:04:54,785 : ERROR : logger : unhashable type: 'list'
2022-07-01 16:06:18,432 : ERROR : logger : unhashable type: 'list'
2022-07-01 16:06:18,433 : ERROR : logger : unhashable type: 'list'
2022-07-01 16:06:18,441 : ERROR : logger : unhashable type: 'list'
2022-07-01 16:06:36,265 : ERROR : logger : unhashable type: 'list'
2022-07-01 16:06:36,273 : ERROR : logger : unhashable type: 'list'
2022-07-01 16:06:36,279 : ERROR : logger : unhashable type: 'list'
2022-07-01 16:06:58,242 : ERROR : logger : unhashable type: 'list'
2022-07-01 16:06:58,246 : ERROR : logger : unhashable type: 'list'
2022-07-01 16:06:58,251 : ERROR : logger : unhashable type: 'list'
2022-07-01 16:07:55,785 : ERROR : logger : unhashable type: 'list'
2022-07-01 16:07:55,789 : ERROR : logger : unhashable type: 'list'
2022-07-01 16:07:55,801 : ERROR : logger : unhashable type: 'list'
2022-07-01 16:09:49,255 : ERROR : logger : unhashable type: 'list'
2022-07-01 16:09:49,256 : ERROR : logger : unhashable type: 'list'
2022-07-01 16:09:49,260 : ERROR : logger : unhashable type: 'list'
2022-07-08 02:03:58,614 : ERROR : logger : The value [2089000000.0] for field [capacityUsed] does not match with value in input JSON
2022-07-26 16:15:13,035 : ERROR : logger : The value [4UW0002888] for field [system_id] does not match with value in input JSON
2022-07-26 16:15:13,037 : ERROR : logger : The value [4UW0002889] for field [system_id] does not match with value in input JSON
2022-07-26 16:15:13,039 : ERROR : logger : The value [4UW0002890] for field [system_id] does not match with value in input JSON
2022-07-26 16:15:13,040 : ERROR : logger : The value [4UW0002891] for field [system_id] does not match with value in input JSON
2022-07-26 17:30:40,854 : ERROR : logger : The value [4UW0002888] for field [system_id] does not match with value in input JSON
2022-07-26 17:30:40,854 : ERROR : logger : The value [4UW0002889] for field [system_id] does not match with value in input JSON
2022-07-26 17:30:40,854 : ERROR : logger : The value [4UW0002890] for field [system_id] does not match with value in input JSON
2022-07-26 17:30:40,862 : ERROR : logger : The value [4UW0002891] for field [system_id] does not match with value in input JSON
2022-07-26 17:34:16,691 : ERROR : logger : The value [4UW0002888] for field [system_id] does not match with value in input JSON
2022-07-26 17:34:16,691 : ERROR : logger : The value [4UW0002889] for field [system_id] does not match with value in input JSON
2022-07-26 17:34:16,701 : ERROR : logger : The value [4UW0002890] for field [system_id] does not match with value in input JSON
2022-07-26 17:34:16,704 : ERROR : logger : The value [4UW0002891] for field [system_id] does not match with value in input JSON
2022-07-26 17:38:30,600 : ERROR : logger : The value [2.190475264e+16] for field [capacity_used] does not match with value in input JSON
2022-07-26 17:38:30,636 : ERROR : logger : The value [] for field [currency] does not match with value in input JSON
2022-07-26 17:38:30,645 : ERROR : logger : The value [4UW0002890] for field [system_id] does not match with value in input JSON
2022-07-26 17:38:30,647 : ERROR : logger : The value [4UW0002891] for field [system_id] does not match with value in input JSON
2022-07-26 17:42:16,022 : ERROR : logger : The value [2.190475264e+16] for field [capacity_used] does not match with value in input JSON
2022-07-26 17:42:16,031 : ERROR : logger : The value [4.75004928e+16] for field [capacity_used] does not match with value in input JSON
2022-07-26 17:42:16,037 : ERROR : logger : The value [7.241465856e+16] for field [capacity_used] does not match with value in input JSON
2022-07-26 17:42:16,078 : ERROR : logger : The value [1.356752486e+17] for field [capacity_used] does not match with value in input JSON
